2014-01-06 15:57:57,564 [main] INFO  org.apache.torque.generator.control.Controller - readConfiguration() : Starting to read configuration files
2014-01-06 15:57:57,991 [main] INFO  org.apache.torque.generator.control.Controller - readConfiguration() : Configuration read.
2014-01-06 15:57:57,994 [main] INFO  org.apache.torque.generator.control.Controller - Processing output torque.om.dbObject
2014-01-06 15:59:13,271 [main] INFO  org.apache.torque.generator.control.Controller - readConfiguration() : Starting to read configuration files
2014-01-06 15:59:13,693 [main] INFO  org.apache.torque.generator.control.Controller - readConfiguration() : Configuration read.
2014-01-06 15:59:13,695 [main] INFO  org.apache.torque.generator.control.Controller - Processing output torque.om.dbObject
2014-01-06 15:59:13,699 [main] INFO  org.apache.torque.generator.control.Controller - Processing source /home/matthieu/DEV/Java/napp/WebContent/torque/schema/./napp-schema.xml
2014-01-06 15:59:13,751 [main] INFO  org.apache.torque.generator.control.Controller - Start generation of File /home/matthieu/DEV/Java/napp/WebContent/torque/src/main/generated-java/fr/iut2/sil4/data/Student.java
2014-01-06 15:59:13,925 [main] INFO  org.apache.torque.generator.control.Controller - Processing output torque.om.dbObjectForView
2014-01-06 15:59:13,926 [main] INFO  org.apache.torque.generator.control.Controller - Processing source /home/matthieu/DEV/Java/napp/WebContent/torque/schema/./napp-schema.xml
2014-01-06 15:59:13,950 [main] INFO  org.apache.torque.generator.control.Controller - No start Elements found for path database/all-views/view
2014-01-06 15:59:13,950 [main] INFO  org.apache.torque.generator.control.Controller - Processing output torque.om.baseDbObject
2014-01-06 15:59:13,951 [main] INFO  org.apache.torque.generator.control.Controller - Processing source /home/matthieu/DEV/Java/napp/WebContent/torque/schema/./napp-schema.xml
2014-01-06 15:59:13,967 [main] INFO  org.apache.torque.generator.control.Controller - Start generation of File /home/matthieu/DEV/Java/napp/WebContent/torque/non-modifiable/generated-persistence/fr/iut2/sil4/data/BaseStudent.java
2014-01-06 15:59:14,194 [main] INFO  org.apache.torque.generator.control.Controller - Processing output torque.om.baseDbObjectForView
2014-01-06 15:59:14,195 [main] INFO  org.apache.torque.generator.control.Controller - Processing source /home/matthieu/DEV/Java/napp/WebContent/torque/schema/./napp-schema.xml
2014-01-06 15:59:14,212 [main] INFO  org.apache.torque.generator.control.Controller - No start Elements found for path database/all-views/view
2014-01-06 15:59:14,213 [main] INFO  org.apache.torque.generator.control.Controller - Processing output torque.om.inheritanceDbObject
2014-01-06 15:59:14,213 [main] INFO  org.apache.torque.generator.control.Controller - Processing source /home/matthieu/DEV/Java/napp/WebContent/torque/schema/./napp-schema.xml
2014-01-06 15:59:14,231 [main] INFO  org.apache.torque.generator.control.Controller - No start Elements found for path database/all-tables/table/column/inheritance
2014-01-06 15:59:14,231 [main] INFO  org.apache.torque.generator.control.Controller - Processing output torque.om.inheritanceDbObjectForView
2014-01-06 15:59:14,231 [main] INFO  org.apache.torque.generator.control.Controller - Processing source /home/matthieu/DEV/Java/napp/WebContent/torque/schema/./napp-schema.xml
2014-01-06 15:59:14,249 [main] INFO  org.apache.torque.generator.control.Controller - No start Elements found for path database/all-views/view/column/inheritance
2014-01-06 15:59:14,249 [main] INFO  org.apache.torque.generator.control.Controller - Processing output torque.om.interface
2014-01-06 15:59:14,249 [main] INFO  org.apache.torque.generator.control.Controller - Processing source /home/matthieu/DEV/Java/napp/WebContent/torque/schema/./napp-schema.xml
2014-01-06 15:59:14,267 [main] INFO  org.apache.torque.generator.control.Controller - Start generation of File /home/matthieu/DEV/Java/napp/WebContent/torque/src/main/generated-java/fr/iut2/sil4/data/.java
2014-01-06 15:59:14,267 [main] INFO  org.apache.torque.generator.control.Controller - Processing output torque.om.peer
2014-01-06 15:59:14,267 [main] INFO  org.apache.torque.generator.control.Controller - Processing source /home/matthieu/DEV/Java/napp/WebContent/torque/schema/./napp-schema.xml
2014-01-06 15:59:14,284 [main] INFO  org.apache.torque.generator.control.Controller - Start generation of File /home/matthieu/DEV/Java/napp/WebContent/torque/src/main/generated-java/fr/iut2/sil4/data/StudentPeer.java
2014-01-06 15:59:14,288 [main] INFO  org.apache.torque.generator.control.Controller - Processing output torque.om.peerForView
2014-01-06 15:59:14,288 [main] INFO  org.apache.torque.generator.control.Controller - Processing source /home/matthieu/DEV/Java/napp/WebContent/torque/schema/./napp-schema.xml
2014-01-06 15:59:14,312 [main] INFO  org.apache.torque.generator.control.Controller - No start Elements found for path database/all-views/view
2014-01-06 15:59:14,312 [main] INFO  org.apache.torque.generator.control.Controller - Processing output torque.om.peer.impl
2014-01-06 15:59:14,312 [main] INFO  org.apache.torque.generator.control.Controller - Processing source /home/matthieu/DEV/Java/napp/WebContent/torque/schema/./napp-schema.xml
2014-01-06 15:59:14,330 [main] INFO  org.apache.torque.generator.control.Controller - Start generation of File /home/matthieu/DEV/Java/napp/WebContent/torque/src/main/generated-java/fr/iut2/sil4/data/StudentPeerImpl.java
2014-01-06 15:59:14,335 [main] INFO  org.apache.torque.generator.control.Controller - Processing output torque.om.peerForView.impl
2014-01-06 15:59:14,336 [main] INFO  org.apache.torque.generator.control.Controller - Processing source /home/matthieu/DEV/Java/napp/WebContent/torque/schema/./napp-schema.xml
2014-01-06 15:59:14,353 [main] INFO  org.apache.torque.generator.control.Controller - No start Elements found for path database/all-views/view
2014-01-06 15:59:14,353 [main] INFO  org.apache.torque.generator.control.Controller - Processing output torque.om.basePeer
2014-01-06 15:59:14,353 [main] INFO  org.apache.torque.generator.control.Controller - Processing source /home/matthieu/DEV/Java/napp/WebContent/torque/schema/./napp-schema.xml
2014-01-06 15:59:14,370 [main] INFO  org.apache.torque.generator.control.Controller - Start generation of File /home/matthieu/DEV/Java/napp/WebContent/torque/non-modifiable/generated-persistence/fr/iut2/sil4/data/BaseStudentPeer.java
2014-01-06 15:59:14,467 [main] INFO  org.apache.torque.generator.control.Controller - Processing output torque.om.basePeerForView
2014-01-06 15:59:14,467 [main] INFO  org.apache.torque.generator.control.Controller - Processing source /home/matthieu/DEV/Java/napp/WebContent/torque/schema/./napp-schema.xml
2014-01-06 15:59:14,480 [main] INFO  org.apache.torque.generator.control.Controller - No start Elements found for path database/all-views/view
2014-01-06 15:59:14,481 [main] INFO  org.apache.torque.generator.control.Controller - Processing output torque.om.basePeer.impl
2014-01-06 15:59:14,481 [main] INFO  org.apache.torque.generator.control.Controller - Processing source /home/matthieu/DEV/Java/napp/WebContent/torque/schema/./napp-schema.xml
2014-01-06 15:59:14,493 [main] INFO  org.apache.torque.generator.control.Controller - Start generation of File /home/matthieu/DEV/Java/napp/WebContent/torque/non-modifiable/generated-persistence/fr/iut2/sil4/data/BaseStudentPeerImpl.java
2014-01-06 15:59:14,554 [main] INFO  org.apache.torque.generator.control.Controller - Processing output torque.om.basePeerForView.impl
2014-01-06 15:59:14,554 [main] INFO  org.apache.torque.generator.control.Controller - Processing source /home/matthieu/DEV/Java/napp/WebContent/torque/schema/./napp-schema.xml
2014-01-06 15:59:14,566 [main] INFO  org.apache.torque.generator.control.Controller - No start Elements found for path database/all-views/view
2014-01-06 15:59:14,566 [main] INFO  org.apache.torque.generator.control.Controller - Processing output torque.om.recordMapper
2014-01-06 15:59:14,567 [main] INFO  org.apache.torque.generator.control.Controller - Processing source /home/matthieu/DEV/Java/napp/WebContent/torque/schema/./napp-schema.xml
2014-01-06 15:59:14,578 [main] INFO  org.apache.torque.generator.control.Controller - Start generation of File /home/matthieu/DEV/Java/napp/WebContent/torque/src/main/generated-java/fr/iut2/sil4/data/StudentRecordMapper.java
2014-01-06 15:59:14,581 [main] INFO  org.apache.torque.generator.control.Controller - Processing output torque.om.recordMapperForView
2014-01-06 15:59:14,581 [main] INFO  org.apache.torque.generator.control.Controller - Processing source /home/matthieu/DEV/Java/napp/WebContent/torque/schema/./napp-schema.xml
2014-01-06 15:59:14,593 [main] INFO  org.apache.torque.generator.control.Controller - No start Elements found for path database/all-views/view
2014-01-06 15:59:14,593 [main] INFO  org.apache.torque.generator.control.Controller - Processing output torque.om.baseRecordMapper
2014-01-06 15:59:14,593 [main] INFO  org.apache.torque.generator.control.Controller - Processing source /home/matthieu/DEV/Java/napp/WebContent/torque/schema/./napp-schema.xml
2014-01-06 15:59:14,605 [main] INFO  org.apache.torque.generator.control.Controller - Start generation of File /home/matthieu/DEV/Java/napp/WebContent/torque/non-modifiable/generated-persistence/fr/iut2/sil4/data/BaseStudentRecordMapper.java
2014-01-06 15:59:14,614 [main] INFO  org.apache.torque.generator.control.Controller - Processing output torque.om.baseRecordMapperForView
2014-01-06 15:59:14,615 [main] INFO  org.apache.torque.generator.control.Controller - Processing source /home/matthieu/DEV/Java/napp/WebContent/torque/schema/./napp-schema.xml
2014-01-06 15:59:14,626 [main] INFO  org.apache.torque.generator.control.Controller - No start Elements found for path database/all-views/view
2014-01-06 15:59:14,626 [main] INFO  org.apache.torque.generator.control.Controller - Processing output torque.om.bean
2014-01-06 15:59:14,626 [main] INFO  org.apache.torque.generator.control.Controller - Processing source /home/matthieu/DEV/Java/napp/WebContent/torque/schema/./napp-schema.xml
2014-01-06 15:59:14,637 [main] INFO  org.apache.torque.generator.control.Controller - Start generation of File /home/matthieu/DEV/Java/napp/WebContent/torque/src/main/generated-java/fr/iut2/sil4/data/bean/StudentBean.java
2014-01-06 15:59:14,637 [main] INFO  org.apache.torque.generator.control.Controller - Processing output torque.om.beanForView
2014-01-06 15:59:14,637 [main] INFO  org.apache.torque.generator.control.Controller - Processing source /home/matthieu/DEV/Java/napp/WebContent/torque/schema/./napp-schema.xml
2014-01-06 15:59:14,647 [main] INFO  org.apache.torque.generator.control.Controller - No start Elements found for path database/all-views/view
2014-01-06 15:59:14,647 [main] INFO  org.apache.torque.generator.control.Controller - Processing output torque.om.baseBean
2014-01-06 15:59:14,647 [main] INFO  org.apache.torque.generator.control.Controller - Processing source /home/matthieu/DEV/Java/napp/WebContent/torque/schema/./napp-schema.xml
2014-01-06 15:59:14,657 [main] INFO  org.apache.torque.generator.control.Controller - Start generation of File /home/matthieu/DEV/Java/napp/WebContent/torque/non-modifiable/generated-persistence/fr/iut2/sil4/data/bean/BaseStudentBean.java
2014-01-06 15:59:14,657 [main] INFO  org.apache.torque.generator.control.Controller - Processing output torque.om.baseBeanForView
2014-01-06 15:59:14,657 [main] INFO  org.apache.torque.generator.control.Controller - Processing source /home/matthieu/DEV/Java/napp/WebContent/torque/schema/./napp-schema.xml
2014-01-06 15:59:14,666 [main] INFO  org.apache.torque.generator.control.Controller - No start Elements found for path database/all-views/view
2014-01-06 15:59:14,667 [main] INFO  org.apache.torque.generator.control.Controller - Processing output torque.om.inheritanceBean
2014-01-06 15:59:14,667 [main] INFO  org.apache.torque.generator.control.Controller - Processing source /home/matthieu/DEV/Java/napp/WebContent/torque/schema/./napp-schema.xml
2014-01-06 15:59:14,676 [main] INFO  org.apache.torque.generator.control.Controller - No start Elements found for path database/all-tables/table/column/inheritance
2014-01-06 15:59:14,676 [main] INFO  org.apache.torque.generator.control.Controller - Processing output torque.om.inheritanceBeanForView
2014-01-06 15:59:14,677 [main] INFO  org.apache.torque.generator.control.Controller - Processing source /home/matthieu/DEV/Java/napp/WebContent/torque/schema/./napp-schema.xml
2014-01-06 15:59:14,687 [main] INFO  org.apache.torque.generator.control.Controller - No start Elements found for path database/all-views/view/column/inheritance
2014-01-06 15:59:14,687 [main] INFO  org.apache.torque.generator.control.Controller - Processing output torque.om.mapInit
2014-01-06 15:59:14,688 [main] INFO  org.apache.torque.generator.control.Controller - Processing source /home/matthieu/DEV/Java/napp/WebContent/torque/schema/./napp-schema.xml
2014-01-06 15:59:14,698 [main] INFO  org.apache.torque.generator.control.Controller - Start generation of File /home/matthieu/DEV/Java/napp/WebContent/torque/src/main/generated-java/org/apache/torque/linkage/NappstoreDatabaseMapInit.java
2014-01-06 15:59:14,698 [main] INFO  org.apache.torque.generator.control.Controller - Processing output torque.om.baseMapInit
2014-01-06 15:59:14,699 [main] INFO  org.apache.torque.generator.control.Controller - Processing source /home/matthieu/DEV/Java/napp/WebContent/torque/schema/./napp-schema.xml
2014-01-06 15:59:14,708 [main] INFO  org.apache.torque.generator.control.Controller - Start generation of File /home/matthieu/DEV/Java/napp/WebContent/torque/non-modifiable/generated-persistence/fr/iut2/sil4/data/BaseNappstoreDatabaseMapInit.java
2014-01-06 15:59:14,708 [main] INFO  org.apache.torque.generator.control.Controller - Processing output torque.om.manager
2014-01-06 15:59:14,709 [main] INFO  org.apache.torque.generator.control.Controller - Processing source /home/matthieu/DEV/Java/napp/WebContent/torque/schema/./napp-schema.xml
2014-01-06 15:59:14,718 [main] INFO  org.apache.torque.generator.control.Controller - Start generation of File /home/matthieu/DEV/Java/napp/WebContent/torque/src/main/generated-java/fr/iut2/sil4/data/manager/StudentManager.java
2014-01-06 15:59:14,719 [main] INFO  org.apache.torque.generator.control.Controller - Processing output torque.om.managerForView
2014-01-06 15:59:14,719 [main] INFO  org.apache.torque.generator.control.Controller - Processing source /home/matthieu/DEV/Java/napp/WebContent/torque/schema/./napp-schema.xml
2014-01-06 15:59:14,728 [main] INFO  org.apache.torque.generator.control.Controller - No start Elements found for path database/all-views/view
2014-01-06 15:59:14,729 [main] INFO  org.apache.torque.generator.control.Controller - Processing output torque.om.baseManager
2014-01-06 15:59:14,729 [main] INFO  org.apache.torque.generator.control.Controller - Processing source /home/matthieu/DEV/Java/napp/WebContent/torque/schema/./napp-schema.xml
2014-01-06 15:59:14,739 [main] INFO  org.apache.torque.generator.control.Controller - Start generation of File /home/matthieu/DEV/Java/napp/WebContent/torque/non-modifiable/generated-persistence/fr/iut2/sil4/data/manager/base/BaseStudentManager.java
2014-01-06 15:59:14,739 [main] INFO  org.apache.torque.generator.control.Controller - Processing output torque.om.baseManagerForView
2014-01-06 15:59:14,739 [main] INFO  org.apache.torque.generator.control.Controller - Processing source /home/matthieu/DEV/Java/napp/WebContent/torque/schema/./napp-schema.xml
2014-01-06 15:59:14,749 [main] INFO  org.apache.torque.generator.control.Controller - No start Elements found for path database/all-views/view
2014-01-06 15:59:14,751 [main] INFO  org.apache.torque.generator.control.Controller - readConfiguration() : Starting to read configuration files
2014-01-06 15:59:14,816 [main] INFO  org.apache.torque.generator.control.Controller - readConfiguration() : Configuration read.
2014-01-06 15:59:14,816 [main] INFO  org.apache.torque.generator.control.Controller - Processing output torque.sql.ddl
2014-01-06 15:59:14,816 [main] INFO  org.apache.torque.generator.control.Controller - Processing source /home/matthieu/DEV/Java/napp/WebContent/torque/schema/./napp-schema.xml
2014-01-06 15:59:14,830 [main] INFO  org.apache.torque.generator.control.Controller - Start generation of File /home/matthieu/DEV/Java/napp/WebContent/torque/non-modifiable/generated-sql/napp-schema.sql
